2019-04-18 13:31:22,900 INFO o.a.j.u.JMeterUtils: Setting Locale to ru_RU
2019-04-18 13:31:22,954 ERROR o.a.j.u.JMeterUtils: Could not find resources for 'ru_RU'
2019-04-18 13:31:22,970 INFO o.a.j.JMeter: Loading user properties from: user.properties
2019-04-18 13:31:22,971 INFO o.a.j.JMeter: Loading system properties from: system.properties
2019-04-18 13:31:22,992 INFO o.a.j.JMeter: Copyright (c) 1998-2019 The Apache Software Foundation
2019-04-18 13:31:22,992 INFO o.a.j.JMeter: Version 5.1 r1853635
2019-04-18 13:31:22,993 INFO o.a.j.JMeter: java.version=11.0.2
2019-04-18 13:31:22,993 INFO o.a.j.JMeter: java.vm.name=Java HotSpot(TM) 64-Bit Server VM
2019-04-18 13:31:22,993 INFO o.a.j.JMeter: os.name=Windows 10
2019-04-18 13:31:22,993 INFO o.a.j.JMeter: os.arch=amd64
2019-04-18 13:31:22,993 INFO o.a.j.JMeter: os.version=10.0
2019-04-18 13:31:22,993 INFO o.a.j.JMeter: file.encoding=Cp1251
2019-04-18 13:31:22,994 INFO o.a.j.JMeter: java.awt.headless=null
2019-04-18 13:31:22,994 INFO o.a.j.JMeter: Max memory     =2118123520
2019-04-18 13:31:22,994 INFO o.a.j.JMeter: Available Processors =4
2019-04-18 13:31:23,014 INFO o.a.j.JMeter: Default Locale=русский (Россия)
2019-04-18 13:31:23,015 INFO o.a.j.JMeter: JMeter  Locale=русский (Россия)
2019-04-18 13:31:23,015 INFO o.a.j.JMeter: JMeterHome=G:\GAMES\QA\Лаба 10 (JMeter)\apache-jmeter-5.1
2019-04-18 13:31:23,015 INFO o.a.j.JMeter: user.dir  =G:\GAMES\QA\Лаба 10 (JMeter)\apache-jmeter-5.1\bin
2019-04-18 13:31:23,016 INFO o.a.j.JMeter: PWD       =G:\GAMES\QA\Лаба 10 (JMeter)\apache-jmeter-5.1\bin
2019-04-18 13:31:23,018 INFO o.a.j.JMeter: IP: 192.168.0.101 Name: DESKTOP-5P673HJ FullName: DESKTOP-5P673HJ
2019-04-18 13:31:23,571 INFO o.a.j.g.a.LookAndFeelCommand: Installing Darcula LAF
2019-04-18 13:31:23,596 INFO o.a.j.g.a.LookAndFeelCommand: Using look and feel: com.bulenkov.darcula.DarculaLaf [Darcula]
2019-04-18 13:31:23,596 INFO o.a.j.JMeter: Setting LAF to: com.bulenkov.darcula.DarculaLaf
2019-04-18 13:31:23,800 INFO o.a.j.JMeter: Loaded icon properties from org/apache/jmeter/images/icon.properties
2019-04-18 13:31:24,659 INFO o.a.j.e.u.CompoundVariable: Note: Function class names must contain the string: '.functions.'
2019-04-18 13:31:24,660 INFO o.a.j.e.u.CompoundVariable: Note: Function class names must not contain the string: '.gui.'
2019-04-18 13:31:27,653 INFO o.a.j.p.h.s.HTTPSamplerBase: Parser for text/html is org.apache.jmeter.protocol.http.parser.LagartoBasedHtmlParser
2019-04-18 13:31:27,654 INFO o.a.j.p.h.s.HTTPSamplerBase: Parser for application/xhtml+xml is org.apache.jmeter.protocol.http.parser.LagartoBasedHtmlParser
2019-04-18 13:31:27,654 INFO o.a.j.p.h.s.HTTPSamplerBase: Parser for application/xml is org.apache.jmeter.protocol.http.parser.LagartoBasedHtmlParser
2019-04-18 13:31:27,654 INFO o.a.j.p.h.s.HTTPSamplerBase: Parser for text/xml is org.apache.jmeter.protocol.http.parser.LagartoBasedHtmlParser
2019-04-18 13:31:27,655 INFO o.a.j.p.h.s.HTTPSamplerBase: Parser for text/vnd.wap.wml is org.apache.jmeter.protocol.http.parser.RegexpHTMLParser
2019-04-18 13:31:27,655 INFO o.a.j.p.h.s.HTTPSamplerBase: Parser for text/css is org.apache.jmeter.protocol.http.parser.CssParser
2019-04-18 13:31:28,473 INFO o.a.j.e.KeyToolUtils: keytool found at 'keytool'
2019-04-18 13:31:28,474 INFO o.a.j.p.h.p.ProxyControl: HTTP(S) Test Script Recorder SSL Proxy will use keys that support embedded 3rd party resources in file G:\GAMES\QA\Лаба 10 (JMeter)\apache-jmeter-5.1\bin\proxyserver.jks
2019-04-18 13:31:28,763 INFO o.a.j.s.FileServer: Default base='G:\GAMES\QA\Лаба 10 (JMeter)\apache-jmeter-5.1\bin'
2019-04-18 13:31:29,798 INFO o.a.j.s.SampleResult: Note: Sample TimeStamps are START times
2019-04-18 13:31:29,799 INFO o.a.j.s.SampleResult: sampleresult.default.encoding is set to ISO-8859-1
2019-04-18 13:31:29,799 INFO o.a.j.s.SampleResult: sampleresult.useNanoTime=true
2019-04-18 13:31:29,799 INFO o.a.j.s.SampleResult: sampleresult.nanoThreadSleep=5000
2019-04-18 13:31:29,838 INFO o.a.j.v.ViewResultsFullVisualizer: Add JavaFX to your Java installation if you want to use renderer: org.apache.jmeter.visualizers.RenderInBrowser
2019-04-18 13:32:13,643 INFO o.a.j.v.ViewResultsFullVisualizer: Add JavaFX to your Java installation if you want to use renderer: org.apache.jmeter.visualizers.RenderInBrowser
2019-04-18 13:33:16,494 INFO o.a.j.s.FileServer: Set new base='G:\GAMES\QA\Лаба 10 (JMeter)'
2019-04-18 13:33:16,775 INFO o.a.j.s.SaveService: Testplan (JMX) version: 2.2. Testlog (JTL) version: 2.2
2019-04-18 13:33:16,825 INFO o.a.j.s.SaveService: Using SaveService properties version 5.0
2019-04-18 13:33:16,829 INFO o.a.j.s.SaveService: Using SaveService properties file encoding UTF-8
2019-04-18 13:33:16,876 INFO o.a.j.e.StandardJMeterEngine: Running the test!
2019-04-18 13:33:16,881 INFO o.a.j.s.SampleEvent: List of sample_variables: []
2019-04-18 13:33:16,881 INFO o.a.j.s.SampleEvent: List of sample_variables: []
2019-04-18 13:33:16,888 INFO o.a.j.g.u.JMeterMenuBar: setRunning(true, *local*)
2019-04-18 13:33:16,972 INFO o.a.j.e.StandardJMeterEngine: Starting ThreadGroup: 1 : Thread Group
2019-04-18 13:33:16,973 INFO o.a.j.e.StandardJMeterEngine: Starting 8 threads for group Thread Group.
2019-04-18 13:33:16,973 INFO o.a.j.e.StandardJMeterEngine: Thread will continue on error
2019-04-18 13:33:16,974 INFO o.a.j.t.ThreadGroup: Starting thread group... number=1 threads=8 ramp-up=1 perThread=125.0 delayedStart=false
2019-04-18 13:33:17,004 INFO o.a.j.t.JMeterThread: Thread started: Thread Group 1-1
2019-04-18 13:33:17,009 INFO o.a.j.t.ThreadGroup: Started thread group number 1
2019-04-18 13:33:17,010 INFO o.a.j.e.StandardJMeterEngine: All thread groups have been started
2019-04-18 13:33:17,051 INFO o.a.j.p.h.s.HTTPHCAbstractImpl: Local host = DESKTOP-5P673HJ
2019-04-18 13:33:17,058 INFO o.a.j.p.h.s.HTTPHC4Impl: HTTP request retry count = 0
2019-04-18 13:33:17,130 INFO o.a.j.t.JMeterThread: Thread started: Thread Group 1-2
2019-04-18 13:33:17,255 INFO o.a.j.t.JMeterThread: Thread started: Thread Group 1-3
2019-04-18 13:33:17,371 INFO o.a.j.u.JsseSSLManager: Using default SSL protocol: TLS
2019-04-18 13:33:17,371 INFO o.a.j.u.JsseSSLManager: SSL session context: per-thread
2019-04-18 13:33:17,380 INFO o.a.j.t.JMeterThread: Thread started: Thread Group 1-4
2019-04-18 13:33:17,511 INFO o.a.j.t.JMeterThread: Thread started: Thread Group 1-5
2019-04-18 13:33:17,636 INFO o.a.j.t.JMeterThread: Thread started: Thread Group 1-6
2019-04-18 13:33:17,760 INFO o.a.j.t.JMeterThread: Thread started: Thread Group 1-7
2019-04-18 13:33:17,888 INFO o.a.j.t.JMeterThread: Thread started: Thread Group 1-8
2019-04-18 13:34:31,500 INFO o.a.j.g.a.Start: Shutting test down
2019-04-18 13:34:31,513 INFO o.a.j.t.JMeterThread: Stopping: Thread Group 1-6
2019-04-18 13:34:31,514 INFO o.a.j.t.JMeterThread: Stopping: Thread Group 1-1
2019-04-18 13:34:31,514 INFO o.a.j.t.JMeterThread: Stopping: Thread Group 1-5
2019-04-18 13:34:31,514 INFO o.a.j.t.JMeterThread: Stopping: Thread Group 1-7
2019-04-18 13:34:31,514 INFO o.a.j.t.JMeterThread: Stopping: Thread Group 1-8
2019-04-18 13:34:31,514 INFO o.a.j.t.JMeterThread: Stopping: Thread Group 1-2
2019-04-18 13:34:31,514 INFO o.a.j.t.JMeterThread: Stopping: Thread Group 1-3
2019-04-18 13:34:31,515 INFO o.a.j.t.JMeterThread: Stopping: Thread Group 1-4
2019-04-18 13:34:31,558 INFO o.a.j.t.JMeterThread: Thread finished: Thread Group 1-1
2019-04-18 13:34:31,597 INFO o.a.j.t.JMeterThread: Thread finished: Thread Group 1-8
2019-04-18 13:34:31,598 INFO o.a.j.t.JMeterThread: Thread finished: Thread Group 1-4
2019-04-18 13:34:31,607 INFO o.a.j.t.JMeterThread: Thread finished: Thread Group 1-7
2019-04-18 13:34:31,615 INFO o.a.j.t.JMeterThread: Thread finished: Thread Group 1-2
2019-04-18 13:34:31,622 INFO o.a.j.t.JMeterThread: Thread finished: Thread Group 1-3
2019-04-18 13:34:31,623 INFO o.a.j.t.JMeterThread: Thread finished: Thread Group 1-5
2019-04-18 13:34:31,631 INFO o.a.j.t.JMeterThread: Thread finished: Thread Group 1-6
2019-04-18 13:34:31,631 INFO o.a.j.e.StandardJMeterEngine: Notifying test listeners of end of test
2019-04-18 13:34:31,632 INFO o.a.j.g.u.JMeterMenuBar: setRunning(false, *local*)
2019-04-18 13:34:50,121 INFO o.a.j.e.StandardJMeterEngine: Running the test!
2019-04-18 13:34:50,122 INFO o.a.j.s.SampleEvent: List of sample_variables: []
2019-04-18 13:34:50,126 INFO o.a.j.g.u.JMeterMenuBar: setRunning(true, *local*)
2019-04-18 13:34:50,131 INFO o.a.j.e.StandardJMeterEngine: Starting ThreadGroup: 1 : Thread Group
2019-04-18 13:34:50,131 INFO o.a.j.e.StandardJMeterEngine: Starting 12 threads for group Thread Group.
2019-04-18 13:34:50,131 INFO o.a.j.e.StandardJMeterEngine: Thread will continue on error
2019-04-18 13:34:50,132 INFO o.a.j.t.ThreadGroup: Starting thread group... number=1 threads=12 ramp-up=1 perThread=83.333336 delayedStart=false
2019-04-18 13:34:50,134 INFO o.a.j.t.JMeterThread: Thread started: Thread Group 1-1
2019-04-18 13:34:50,142 INFO o.a.j.t.ThreadGroup: Started thread group number 1
2019-04-18 13:34:50,142 INFO o.a.j.e.StandardJMeterEngine: All thread groups have been started
2019-04-18 13:34:50,217 INFO o.a.j.t.JMeterThread: Thread started: Thread Group 1-2
2019-04-18 13:34:50,314 INFO o.a.j.t.JMeterThread: Thread started: Thread Group 1-3
2019-04-18 13:34:50,397 INFO o.a.j.t.JMeterThread: Thread started: Thread Group 1-4
2019-04-18 13:34:50,480 INFO o.a.j.t.JMeterThread: Thread started: Thread Group 1-5
2019-04-18 13:34:50,563 INFO o.a.j.t.JMeterThread: Thread started: Thread Group 1-6
2019-04-18 13:34:50,649 INFO o.a.j.t.JMeterThread: Thread started: Thread Group 1-7
2019-04-18 13:34:50,730 INFO o.a.j.t.JMeterThread: Thread started: Thread Group 1-8
2019-04-18 13:34:50,813 INFO o.a.j.t.JMeterThread: Thread started: Thread Group 1-9
2019-04-18 13:34:50,897 INFO o.a.j.t.JMeterThread: Thread started: Thread Group 1-10
2019-04-18 13:34:50,980 INFO o.a.j.t.JMeterThread: Thread started: Thread Group 1-11
2019-04-18 13:34:51,063 INFO o.a.j.t.JMeterThread: Thread started: Thread Group 1-12
2019-04-18 13:35:29,249 INFO o.a.j.g.a.Start: Shutting test down
2019-04-18 13:35:29,259 INFO o.a.j.t.JMeterThread: Stopping: Thread Group 1-11
2019-04-18 13:35:29,260 INFO o.a.j.t.JMeterThread: Stopping: Thread Group 1-4
2019-04-18 13:35:29,260 INFO o.a.j.t.JMeterThread: Stopping: Thread Group 1-7
2019-04-18 13:35:29,261 INFO o.a.j.t.JMeterThread: Stopping: Thread Group 1-12
2019-04-18 13:35:29,261 INFO o.a.j.t.JMeterThread: Stopping: Thread Group 1-10
2019-04-18 13:35:29,261 INFO o.a.j.t.JMeterThread: Stopping: Thread Group 1-6
2019-04-18 13:35:29,261 INFO o.a.j.t.JMeterThread: Stopping: Thread Group 1-9
2019-04-18 13:35:29,261 INFO o.a.j.t.JMeterThread: Stopping: Thread Group 1-2
2019-04-18 13:35:29,261 INFO o.a.j.t.JMeterThread: Stopping: Thread Group 1-3
2019-04-18 13:35:29,261 INFO o.a.j.t.JMeterThread: Stopping: Thread Group 1-1
2019-04-18 13:35:29,261 INFO o.a.j.t.JMeterThread: Stopping: Thread Group 1-8
2019-04-18 13:35:29,261 INFO o.a.j.t.JMeterThread: Stopping: Thread Group 1-5
2019-04-18 13:35:29,262 INFO o.a.j.t.JMeterThread: Thread finished: Thread Group 1-3
2019-04-18 13:35:29,273 INFO o.a.j.t.JMeterThread: Thread finished: Thread Group 1-12
2019-04-18 13:35:29,273 INFO o.a.j.t.JMeterThread: Thread finished: Thread Group 1-1
2019-04-18 13:35:29,277 INFO o.a.j.t.JMeterThread: Thread finished: Thread Group 1-11
2019-04-18 13:35:29,290 INFO o.a.j.t.JMeterThread: Thread finished: Thread Group 1-8
2019-04-18 13:35:29,296 INFO o.a.j.t.JMeterThread: Thread finished: Thread Group 1-7
2019-04-18 13:35:29,325 INFO o.a.j.t.JMeterThread: Thread finished: Thread Group 1-9
2019-04-18 13:35:29,337 INFO o.a.j.t.JMeterThread: Thread finished: Thread Group 1-2
2019-04-18 13:35:29,340 INFO o.a.j.t.JMeterThread: Thread finished: Thread Group 1-4
2019-04-18 13:35:29,345 INFO o.a.j.t.JMeterThread: Thread finished: Thread Group 1-5
2019-04-18 13:35:29,380 INFO o.a.j.t.JMeterThread: Thread finished: Thread Group 1-10
2019-04-18 13:35:29,392 INFO o.a.j.t.JMeterThread: Thread finished: Thread Group 1-6
2019-04-18 13:35:29,393 INFO o.a.j.e.StandardJMeterEngine: Notifying test listeners of end of test
2019-04-18 13:35:29,393 INFO o.a.j.g.u.JMeterMenuBar: setRunning(false, *local*)
2019-04-18 13:35:39,237 INFO o.a.j.e.StandardJMeterEngine: Running the test!
2019-04-18 13:35:39,238 INFO o.a.j.s.SampleEvent: List of sample_variables: []
2019-04-18 13:35:39,241 INFO o.a.j.g.u.JMeterMenuBar: setRunning(true, *local*)
2019-04-18 13:35:39,251 INFO o.a.j.e.StandardJMeterEngine: Starting ThreadGroup: 1 : Thread Group
2019-04-18 13:35:39,251 INFO o.a.j.e.StandardJMeterEngine: Starting 16 threads for group Thread Group.
2019-04-18 13:35:39,251 INFO o.a.j.e.StandardJMeterEngine: Thread will continue on error
2019-04-18 13:35:39,251 INFO o.a.j.t.ThreadGroup: Starting thread group... number=1 threads=16 ramp-up=1 perThread=62.5 delayedStart=false
2019-04-18 13:35:39,260 INFO o.a.j.t.ThreadGroup: Started thread group number 1
2019-04-18 13:35:39,262 INFO o.a.j.e.StandardJMeterEngine: All thread groups have been started
2019-04-18 13:35:39,264 INFO o.a.j.t.JMeterThread: Thread started: Thread Group 1-1
2019-04-18 13:35:39,330 INFO o.a.j.t.JMeterThread: Thread started: Thread Group 1-2
2019-04-18 13:35:39,393 INFO o.a.j.t.JMeterThread: Thread started: Thread Group 1-3
2019-04-18 13:35:39,452 INFO o.a.j.t.JMeterThread: Thread started: Thread Group 1-4
2019-04-18 13:35:39,515 INFO o.a.j.t.JMeterThread: Thread started: Thread Group 1-5
2019-04-18 13:35:39,577 INFO o.a.j.t.JMeterThread: Thread started: Thread Group 1-6
2019-04-18 13:35:39,643 INFO o.a.j.t.JMeterThread: Thread started: Thread Group 1-7
2019-04-18 13:35:39,702 INFO o.a.j.t.JMeterThread: Thread started: Thread Group 1-8
2019-04-18 13:35:39,765 INFO o.a.j.t.JMeterThread: Thread started: Thread Group 1-9
2019-04-18 13:35:39,827 INFO o.a.j.t.JMeterThread: Thread started: Thread Group 1-10
2019-04-18 13:35:39,889 INFO o.a.j.t.JMeterThread: Thread started: Thread Group 1-11
2019-04-18 13:35:39,952 INFO o.a.j.t.JMeterThread: Thread started: Thread Group 1-12
2019-04-18 13:35:40,015 INFO o.a.j.t.JMeterThread: Thread started: Thread Group 1-13
2019-04-18 13:35:40,080 INFO o.a.j.t.JMeterThread: Thread started: Thread Group 1-14
2019-04-18 13:35:40,143 INFO o.a.j.t.JMeterThread: Thread started: Thread Group 1-15
2019-04-18 13:35:40,205 INFO o.a.j.t.JMeterThread: Thread started: Thread Group 1-16
2019-04-18 13:36:18,353 INFO o.a.j.g.a.Start: Shutting test down
2019-04-18 13:36:18,362 INFO o.a.j.t.JMeterThread: Stopping: Thread Group 1-7
2019-04-18 13:36:18,362 INFO o.a.j.t.JMeterThread: Stopping: Thread Group 1-12
2019-04-18 13:36:18,363 INFO o.a.j.t.JMeterThread: Stopping: Thread Group 1-6
2019-04-18 13:36:18,363 INFO o.a.j.t.JMeterThread: Stopping: Thread Group 1-9
2019-04-18 13:36:18,363 INFO o.a.j.t.JMeterThread: Stopping: Thread Group 1-8
2019-04-18 13:36:18,363 INFO o.a.j.t.JMeterThread: Stopping: Thread Group 1-5
2019-04-18 13:36:18,363 INFO o.a.j.t.JMeterThread: Stopping: Thread Group 1-14
2019-04-18 13:36:18,363 INFO o.a.j.t.JMeterThread: Stopping: Thread Group 1-11
2019-04-18 13:36:18,363 INFO o.a.j.t.JMeterThread: Stopping: Thread Group 1-10
2019-04-18 13:36:18,363 INFO o.a.j.t.JMeterThread: Stopping: Thread Group 1-13
2019-04-18 13:36:18,363 INFO o.a.j.t.JMeterThread: Stopping: Thread Group 1-15
2019-04-18 13:36:18,363 INFO o.a.j.t.JMeterThread: Stopping: Thread Group 1-3
2019-04-18 13:36:18,363 INFO o.a.j.t.JMeterThread: Stopping: Thread Group 1-4
2019-04-18 13:36:18,363 INFO o.a.j.t.JMeterThread: Stopping: Thread Group 1-16
2019-04-18 13:36:18,363 INFO o.a.j.t.JMeterThread: Stopping: Thread Group 1-2
2019-04-18 13:36:18,364 INFO o.a.j.t.JMeterThread: Stopping: Thread Group 1-1
2019-04-18 13:36:18,369 INFO o.a.j.t.JMeterThread: Thread finished: Thread Group 1-9
2019-04-18 13:36:18,377 INFO o.a.j.t.JMeterThread: Thread finished: Thread Group 1-12
2019-04-18 13:36:18,384 INFO o.a.j.t.JMeterThread: Thread finished: Thread Group 1-11
2019-04-18 13:36:18,385 INFO o.a.j.t.JMeterThread: Thread finished: Thread Group 1-8
2019-04-18 13:36:18,387 INFO o.a.j.t.JMeterThread: Thread finished: Thread Group 1-14
2019-04-18 13:36:18,388 INFO o.a.j.t.JMeterThread: Thread finished: Thread Group 1-2
2019-04-18 13:36:18,424 INFO o.a.j.t.JMeterThread: Thread finished: Thread Group 1-4
2019-04-18 13:36:18,428 INFO o.a.j.t.JMeterThread: Thread finished: Thread Group 1-16
2019-04-18 13:36:18,438 INFO o.a.j.t.JMeterThread: Thread finished: Thread Group 1-3
2019-04-18 13:36:18,452 INFO o.a.j.t.JMeterThread: Thread finished: Thread Group 1-13
2019-04-18 13:36:18,454 INFO o.a.j.t.JMeterThread: Thread finished: Thread Group 1-5
2019-04-18 13:36:18,458 INFO o.a.j.t.JMeterThread: Thread finished: Thread Group 1-10
2019-04-18 13:36:18,462 INFO o.a.j.t.JMeterThread: Thread finished: Thread Group 1-6
2019-04-18 13:36:18,471 INFO o.a.j.t.JMeterThread: Thread finished: Thread Group 1-15
2019-04-18 13:36:18,472 INFO o.a.j.t.JMeterThread: Thread finished: Thread Group 1-7
2019-04-18 13:36:18,498 INFO o.a.j.t.JMeterThread: Thread finished: Thread Group 1-1
2019-04-18 13:36:18,498 INFO o.a.j.e.StandardJMeterEngine: Notifying test listeners of end of test
2019-04-18 13:36:18,498 INFO o.a.j.g.u.JMeterMenuBar: setRunning(false, *local*)
2019-04-18 13:36:30,968 INFO o.a.j.e.StandardJMeterEngine: Running the test!
2019-04-18 13:36:30,969 INFO o.a.j.s.SampleEvent: List of sample_variables: []
2019-04-18 13:36:30,972 INFO o.a.j.g.u.JMeterMenuBar: setRunning(true, *local*)
2019-04-18 13:36:31,058 INFO o.a.j.e.StandardJMeterEngine: Starting ThreadGroup: 1 : Thread Group
2019-04-18 13:36:31,059 INFO o.a.j.e.StandardJMeterEngine: Starting 20 threads for group Thread Group.
2019-04-18 13:36:31,059 INFO o.a.j.e.StandardJMeterEngine: Thread will continue on error
2019-04-18 13:36:31,059 INFO o.a.j.t.ThreadGroup: Starting thread group... number=1 threads=20 ramp-up=1 perThread=50.0 delayedStart=false
2019-04-18 13:36:31,061 INFO o.a.j.t.JMeterThread: Thread started: Thread Group 1-1
2019-04-18 13:36:31,072 INFO o.a.j.t.ThreadGroup: Started thread group number 1
2019-04-18 13:36:31,072 INFO o.a.j.e.StandardJMeterEngine: All thread groups have been started
2019-04-18 13:36:31,115 INFO o.a.j.t.JMeterThread: Thread started: Thread Group 1-2
2019-04-18 13:36:31,166 INFO o.a.j.t.JMeterThread: Thread started: Thread Group 1-3
2019-04-18 13:36:31,218 INFO o.a.j.t.JMeterThread: Thread started: Thread Group 1-4
2019-04-18 13:36:31,266 INFO o.a.j.t.JMeterThread: Thread started: Thread Group 1-5
2019-04-18 13:36:31,317 INFO o.a.j.t.JMeterThread: Thread started: Thread Group 1-6
2019-04-18 13:36:31,367 INFO o.a.j.t.JMeterThread: Thread started: Thread Group 1-7
2019-04-18 13:36:31,418 INFO o.a.j.t.JMeterThread: Thread started: Thread Group 1-8
2019-04-18 13:36:31,468 INFO o.a.j.t.JMeterThread: Thread started: Thread Group 1-9
2019-04-18 13:36:31,517 INFO o.a.j.t.JMeterThread: Thread started: Thread Group 1-10
2019-04-18 13:36:31,570 INFO o.a.j.t.JMeterThread: Thread started: Thread Group 1-11
2019-04-18 13:36:31,622 INFO o.a.j.t.JMeterThread: Thread started: Thread Group 1-12
2019-04-18 13:36:31,673 INFO o.a.j.t.JMeterThread: Thread started: Thread Group 1-13
2019-04-18 13:36:31,723 INFO o.a.j.t.JMeterThread: Thread started: Thread Group 1-14
2019-04-18 13:36:31,773 INFO o.a.j.t.JMeterThread: Thread started: Thread Group 1-15
2019-04-18 13:36:31,823 INFO o.a.j.t.JMeterThread: Thread started: Thread Group 1-16
2019-04-18 13:36:31,873 INFO o.a.j.t.JMeterThread: Thread started: Thread Group 1-17
2019-04-18 13:36:31,923 INFO o.a.j.t.JMeterThread: Thread started: Thread Group 1-18
2019-04-18 13:36:31,973 INFO o.a.j.t.JMeterThread: Thread started: Thread Group 1-19
2019-04-18 13:36:32,023 INFO o.a.j.t.JMeterThread: Thread started: Thread Group 1-20
2019-04-18 13:36:54,472 INFO o.a.j.g.a.Start: Shutting test down
2019-04-18 13:36:54,483 INFO o.a.j.t.JMeterThread: Stopping: Thread Group 1-14
2019-04-18 13:36:54,483 INFO o.a.j.t.JMeterThread: Stopping: Thread Group 1-19
2019-04-18 13:36:54,483 INFO o.a.j.t.JMeterThread: Stopping: Thread Group 1-13
2019-04-18 13:36:54,483 INFO o.a.j.t.JMeterThread: Stopping: Thread Group 1-2
2019-04-18 13:36:54,483 INFO o.a.j.t.JMeterThread: Stopping: Thread Group 1-17
2019-04-18 13:36:54,483 INFO o.a.j.t.JMeterThread: Stopping: Thread Group 1-9
2019-04-18 13:36:54,483 INFO o.a.j.t.JMeterThread: Stopping: Thread Group 1-12
2019-04-18 13:36:54,484 INFO o.a.j.t.JMeterThread: Stopping: Thread Group 1-16
2019-04-18 13:36:54,484 INFO o.a.j.t.JMeterThread: Stopping: Thread Group 1-10
2019-04-18 13:36:54,484 INFO o.a.j.t.JMeterThread: Stopping: Thread Group 1-20
2019-04-18 13:36:54,484 INFO o.a.j.t.JMeterThread: Stopping: Thread Group 1-8
2019-04-18 13:36:54,484 INFO o.a.j.t.JMeterThread: Stopping: Thread Group 1-3
2019-04-18 13:36:54,484 INFO o.a.j.t.JMeterThread: Stopping: Thread Group 1-7
2019-04-18 13:36:54,484 INFO o.a.j.t.JMeterThread: Stopping: Thread Group 1-4
2019-04-18 13:36:54,484 INFO o.a.j.t.JMeterThread: Stopping: Thread Group 1-11
2019-04-18 13:36:54,484 INFO o.a.j.t.JMeterThread: Stopping: Thread Group 1-6
2019-04-18 13:36:54,484 INFO o.a.j.t.JMeterThread: Stopping: Thread Group 1-15
2019-04-18 13:36:54,484 INFO o.a.j.t.JMeterThread: Stopping: Thread Group 1-18
2019-04-18 13:36:54,484 INFO o.a.j.t.JMeterThread: Stopping: Thread Group 1-5
2019-04-18 13:36:54,485 INFO o.a.j.t.JMeterThread: Stopping: Thread Group 1-1
2019-04-18 13:36:54,510 INFO o.a.j.t.JMeterThread: Thread finished: Thread Group 1-3
2019-04-18 13:36:54,514 INFO o.a.j.t.JMeterThread: Thread finished: Thread Group 1-18
2019-04-18 13:36:54,515 INFO o.a.j.t.JMeterThread: Thread finished: Thread Group 1-15
2019-04-18 13:36:54,522 INFO o.a.j.t.JMeterThread: Thread finished: Thread Group 1-6
2019-04-18 13:36:54,535 INFO o.a.j.t.JMeterThread: Thread finished: Thread Group 1-1
2019-04-18 13:36:54,560 INFO o.a.j.t.JMeterThread: Thread finished: Thread Group 1-2
2019-04-18 13:36:54,561 INFO o.a.j.t.JMeterThread: Thread finished: Thread Group 1-13
2019-04-18 13:36:54,567 INFO o.a.j.t.JMeterThread: Thread finished: Thread Group 1-19
2019-04-18 13:36:54,567 INFO o.a.j.t.JMeterThread: Thread finished: Thread Group 1-14
2019-04-18 13:36:54,573 INFO o.a.j.t.JMeterThread: Thread finished: Thread Group 1-11
2019-04-18 13:36:54,576 INFO o.a.j.t.JMeterThread: Thread finished: Thread Group 1-9
2019-04-18 13:36:54,585 INFO o.a.j.t.JMeterThread: Thread finished: Thread Group 1-17
2019-04-18 13:36:54,597 INFO o.a.j.t.JMeterThread: Thread finished: Thread Group 1-10
2019-04-18 13:36:54,597 INFO o.a.j.t.JMeterThread: Thread finished: Thread Group 1-7
2019-04-18 13:36:54,602 INFO o.a.j.t.JMeterThread: Thread finished: Thread Group 1-4
2019-04-18 13:36:54,616 INFO o.a.j.t.JMeterThread: Thread finished: Thread Group 1-16
2019-04-18 13:36:54,617 INFO o.a.j.t.JMeterThread: Thread finished: Thread Group 1-20
2019-04-18 13:36:54,620 INFO o.a.j.t.JMeterThread: Thread finished: Thread Group 1-8
2019-04-18 13:36:54,641 INFO o.a.j.t.JMeterThread: Thread finished: Thread Group 1-12
2019-04-18 13:36:54,643 INFO o.a.j.t.JMeterThread: Thread finished: Thread Group 1-5
2019-04-18 13:36:54,643 INFO o.a.j.e.StandardJMeterEngine: Notifying test listeners of end of test
2019-04-18 13:36:54,644 INFO o.a.j.g.u.JMeterMenuBar: setRunning(false, *local*)
